<?xml version="1.0" encoding="UTF-8"?>
<testsuite name="hk.ust.cse.comp3021.lab10.Lab10Tests" tests="2" skipped="0" failures="0" errors="0" timestamp="2022-11-17T14:17:20" hostname="LAPTOP-17GU182E" time="0.027">
  <properties/>
  <testcase name="testThreeThreads()" classname="hk.ust.cse.comp3021.lab10.Lab10Tests" time="0.024"/>
  <testcase name="testTwoThreads()" classname="hk.ust.cse.comp3021.lab10.Lab10Tests" time="0.001"/>
  <system-out><![CDATA[]]></system-out>
  <system-err><![CDATA[]]></system-err>
</testsuite>
